<?xml version="1.0" encoding="UTF-8"?>
<!-- Generated by org.testng.reporters.JUnitReportReporter -->
<testsuite skipped="0" hostname="admin-PC" name="com.cogmento.qa.testcases.LoginPageTest" tests="3" failures="0" timestamp="2020-10-09T20:55:08 IST" time="147.460" errors="0">
  <testcase name="loginTest" time="40.830" classname="com.cogmento.qa.testcases.LoginPageTest"/>
  <system-out/>
  <testcase name="forgotPasswordLinkTest" time="51.969" classname="com.cogmento.qa.testcases.LoginPageTest"/>
  <system-out/>
  <testcase name="signupLinkTest" time="54.661" classname="com.cogmento.qa.testcases.LoginPageTest"/>
  <system-out/>
</testsuite> <!-- com.cogmento.qa.testcases.LoginPageTest -->
