<?xml version="1.0" encoding="UTF-8"?>
<!-- Generated by org.testng.reporters.JUnitReportReporter -->
<testsuite skipped="0" hostname="admin-PC" name="com.cogmento.qa.testcases.HomePageTest" tests="1" failures="0" timestamp="2020-10-14T21:21:51 IST" time="138.255" errors="0">
  <testcase name="verifyHomePageTitleTest" time="138.255" classname="com.cogmento.qa.testcases.HomePageTest"/>
  <system-out/>
</testsuite> <!-- com.cogmento.qa.testcases.HomePageTest -->
