<?xml version="1.0" encoding="UTF-8"?>
<!-- Generated by org.testng.reporters.JUnitReportReporter -->
<testsuite skipped="0" hostname="admin-PC" name="com.cogmento.qa.testcases.LandingPageTest" tests="4" failures="0" timestamp="2020-10-09T20:55:08 IST" time="151.902" errors="0">
  <testcase name="getTitleTest" time="56.202" classname="com.cogmento.qa.testcases.LandingPageTest"/>
  <system-out/>
  <testcase name="sloganTextTest" time="16.486" classname="com.cogmento.qa.testcases.LandingPageTest"/>
  <system-out/>
  <testcase name="signUpBtnTest" time="36.305" classname="com.cogmento.qa.testcases.LandingPageTest"/>
  <system-out/>
  <testcase name="loginBtnTest" time="42.909" classname="com.cogmento.qa.testcases.LandingPageTest"/>
  <system-out/>
</testsuite> <!-- com.cogmento.qa.testcases.LandingPageTest -->
