<?xml version="1.0" encoding="UTF-8"?>
<!-- Generated by org.testng.reporters.JUnitReportReporter -->
<testsuite skipped="0" hostname="admin-PC" name="com.cogmento.qa.testcases.ContactsPageTest" tests="3" failures="0" timestamp="2020-10-10T11:17:05 IST" time="77.414" errors="0">
  <testcase name="createNewContactTest" time="26.070" classname="com.cogmento.qa.testcases.ContactsPageTest"/>
  <system-out/>
  <testcase name="createNewContactTest" time="24.218" classname="com.cogmento.qa.testcases.ContactsPageTest"/>
  <system-out/>
  <testcase name="createNewContactTest" time="27.126" classname="com.cogmento.qa.testcases.ContactsPageTest"/>
  <system-out/>
</testsuite> <!-- com.cogmento.qa.testcases.ContactsPageTest -->
