<?xml version="1.0" encoding="UTF-8"?>
<!-- Generated by org.testng.reporters.JUnitReportReporter -->
<testsuite skipped="0" hostname="admin-PC" name="com.cogmento.qa.testcases.HomePageTest" tests="3" failures="0" timestamp="2020-10-14T22:31:52 IST" time="155.143" errors="0">
  <testcase name="contactsPageLinkTest" time="34.007" classname="com.cogmento.qa.testcases.HomePageTest"/>
  <system-out/>
  <testcase name="verifyHomePageTitleTest" time="50.159" classname="com.cogmento.qa.testcases.HomePageTest"/>
  <system-out/>
  <testcase name="verifyUserNameLabelTest" time="70.977" classname="com.cogmento.qa.testcases.HomePageTest"/>
  <system-out/>
</testsuite> <!-- com.cogmento.qa.testcases.HomePageTest -->
